<?xml version="1.0" encoding="UTF-8"?>
<beans xmlns="http://www.springframework.org/schema/beans"
	xmlns:xsi="http://www.w3.org/2001/XMLSchema-instance"
	xmlns:context="http://www.springframework.org/schema/context"
	xsi:schemaLocation="http://www.springframework.org/schema/beans http://www.springframework.org/schema/beans/spring-beans.xsd
		http://www.springframework.org/schema/context http://www.springframework.org/schema/context/spring-context-3.0.xsd">


	<context:annotation-config />
	<context:component-scan base-package="com.intere.spring.nzb" />
	

	<!--  Where NZB files are stored. -->
	<bean id="QueueDirectory" class="java.lang.String">
		<constructor-arg value="/download/nzbperl/queue"></constructor-arg>
	</bean>
	
	<!--  The NZB Log File. -->
	<bean id="LogFile" class="java.lang.String">
		<constructor-arg value="/download/nzbperl/nzb.log"></constructor-arg>
	</bean>

</beans>
